<?xml version="1.0" encoding="UTF-8"?>
<testsuite name="com.github.jacekolszak.messagic.streams.StreamsChannelSpec" tests="17" skipped="0" failures="0" errors="0" timestamp="2018-01-14T22:24:25" hostname="Jacek-MacBook-Pro.local" time="2.219">
  <properties/>
  <testcase name="should create channel" classname="com.github.jacekolszak.messagic.streams.StreamsChannelSpec" time="0.078"/>
  <testcase name="should always return same channel instance. It is not possible to have two different channels on same InputStream and OutputStream" classname="com.github.jacekolszak.messagic.streams.StreamsChannelSpec" time="0.002"/>
  <testcase name="should send text message to stream" classname="com.github.jacekolszak.messagic.streams.StreamsChannelSpec" time="0.004"/>
  <testcase name="binary messages should be encoded using base64 with &quot;#&quot; character as a prefix and new line in the end" classname="com.github.jacekolszak.messagic.streams.StreamsChannelSpec" time="0.054"/>
  <testcase name="should parse text message and pass it to consumer" classname="com.github.jacekolszak.messagic.streams.StreamsChannelSpec" time="1.043"/>
  <testcase name="should parse binary message and pass it to consumer" classname="com.github.jacekolszak.messagic.streams.StreamsChannelSpec" time="0.004"/>
  <testcase name="should send error to sender when binary message cannot be parsed" classname="com.github.jacekolszak.messagic.streams.StreamsChannelSpec" time="1.008"/>
  <testcase name="should convert exception thrown by consumer to error text message" classname="com.github.jacekolszak.messagic.streams.StreamsChannelSpec" time="0.005"/>
  <testcase name="should parse error" classname="com.github.jacekolszak.messagic.streams.StreamsChannelSpec" time="0.006"/>
  <testcase name="when could not read from input stream then PeerNotReachable error should be reported" classname="com.github.jacekolszak.messagic.streams.StreamsChannelSpec" time="0.003"/>
  <testcase name="when could not write text to output stream then PeerNotReachable error should be reported" classname="com.github.jacekolszak.messagic.streams.StreamsChannelSpec" time="0.001"/>
  <testcase name="when could not write binary to output stream then PeerNotReachable error should be reported" classname="com.github.jacekolszak.messagic.streams.StreamsChannelSpec" time="0.0"/>
  <testcase name="should report error and close the channel when pushed binary message was big" classname="com.github.jacekolszak.messagic.streams.StreamsChannelSpec" time="0.002"/>
  <testcase name="should report error and close the channel when pushed text message was big" classname="com.github.jacekolszak.messagic.streams.StreamsChannelSpec" time="0.001"/>
  <testcase name="should report and close the channel when received binary message was too big" classname="com.github.jacekolszak.messagic.streams.StreamsChannelSpec" time="0.001"/>
  <testcase name="should report and close the channel when received text message was too big" classname="com.github.jacekolszak.messagic.streams.StreamsChannelSpec" time="0.003"/>
  <testcase name="should report and close the channel when received error message was too big" classname="com.github.jacekolszak.messagic.streams.StreamsChannelSpec" time="0.001"/>
  <system-out><![CDATA[]]></system-out>
  <system-err><![CDATA[]]></system-err>
</testsuite>
